{"name":"hexo","hostname":"DESKTOP-RND6NOP","pid":3536,"level":20,"msg":"Hexo version: \u001b[35m3.2.2\u001b[39m","time":"2017-03-31T02:18:39.445Z","v":0}
{"name":"hexo","hostname":"DESKTOP-RND6NOP","pid":3536,"level":20,"msg":"Working directory: \u001b[35mG:\\GitHub\\hexo\\\u001b[39m","time":"2017-03-31T02:18:39.450Z","v":0}
{"name":"hexo","hostname":"DESKTOP-RND6NOP","pid":3536,"level":20,"msg":"Config loaded: \u001b[35mG:\\GitHub\\hexo\\_config.yml\u001b[39m","time":"2017-03-31T02:18:39.764Z","v":0}
{"name":"hexo","hostname":"DESKTOP-RND6NOP","pid":3536,"level":20,"msg":"Script loaded: \u001b[35mthemes\\next\\scripts\\merge-configs.js\u001b[39m","time":"2017-03-31T02:18:39.824Z","v":0}
{"name":"hexo","hostname":"DESKTOP-RND6NOP","pid":3536,"level":20,"msg":"Script loaded: \u001b[35mthemes\\next\\scripts\\merge.js\u001b[39m","time":"2017-03-31T02:18:39.838Z","v":0}
{"name":"hexo","hostname":"DESKTOP-RND6NOP","pid":3536,"level":20,"msg":"Script loaded: \u001b[35mthemes\\next\\scripts\\tags\\button.js\u001b[39m","time":"2017-03-31T02:18:39.841Z","v":0}
{"name":"hexo","hostname":"DESKTOP-RND6NOP","pid":3536,"level":20,"msg":"Script loaded: \u001b[35mthemes\\next\\scripts\\tags\\exturl.js\u001b[39m","time":"2017-03-31T02:18:40.033Z","v":0}
{"name":"hexo","hostname":"DESKTOP-RND6NOP","pid":3536,"level":20,"msg":"Script loaded: \u001b[35mthemes\\next\\scripts\\tags\\center-quote.js\u001b[39m","time":"2017-03-31T02:18:40.035Z","v":0}
{"name":"hexo","hostname":"DESKTOP-RND6NOP","pid":3536,"level":20,"msg":"Script loaded: \u001b[35mthemes\\next\\scripts\\tags\\full-image.js\u001b[39m","time":"2017-03-31T02:18:40.040Z","v":0}
{"name":"hexo","hostname":"DESKTOP-RND6NOP","pid":3536,"level":20,"msg":"Script loaded: \u001b[35mthemes\\next\\scripts\\tags\\group-pictures.js\u001b[39m","time":"2017-03-31T02:18:40.044Z","v":0}
{"name":"hexo","hostname":"DESKTOP-RND6NOP","pid":3536,"level":20,"msg":"Script loaded: \u001b[35mthemes\\next\\scripts\\tags\\note.js\u001b[39m","time":"2017-03-31T02:18:40.045Z","v":0}
{"name":"hexo","hostname":"DESKTOP-RND6NOP","pid":3536,"level":20,"msg":"Plugin loaded: \u001b[35mhexo-asset-image\u001b[39m","time":"2017-03-31T02:18:40.205Z","v":0}
{"name":"hexo","hostname":"DESKTOP-RND6NOP","pid":3536,"level":20,"msg":"Plugin loaded: \u001b[35mhexo-deployer-git\u001b[39m","time":"2017-03-31T02:18:40.500Z","v":0}
{"name":"hexo","hostname":"DESKTOP-RND6NOP","pid":3536,"level":20,"msg":"Plugin loaded: \u001b[35mhexo-generator-category\u001b[39m","time":"2017-03-31T02:18:40.511Z","v":0}
{"name":"hexo","hostname":"DESKTOP-RND6NOP","pid":3536,"level":20,"msg":"Plugin loaded: \u001b[35mhexo-generator-index\u001b[39m","time":"2017-03-31T02:18:40.524Z","v":0}
{"name":"hexo","hostname":"DESKTOP-RND6NOP","pid":3536,"level":20,"msg":"Plugin loaded: \u001b[35mhexo-generator-archive\u001b[39m","time":"2017-03-31T02:18:40.534Z","v":0}
{"name":"hexo","hostname":"DESKTOP-RND6NOP","pid":3536,"level":20,"msg":"Plugin loaded: \u001b[35mhexo-generator-tag\u001b[39m","time":"2017-03-31T02:18:40.544Z","v":0}
{"name":"hexo","hostname":"DESKTOP-RND6NOP","pid":3536,"level":20,"msg":"Plugin loaded: \u001b[35mhexo-renderer-ejs\u001b[39m","time":"2017-03-31T02:18:40.558Z","v":0}
{"name":"hexo","hostname":"DESKTOP-RND6NOP","pid":3536,"level":20,"msg":"Plugin loaded: \u001b[35mhexo-renderer-stylus\u001b[39m","time":"2017-03-31T02:18:40.565Z","v":0}
{"name":"hexo","hostname":"DESKTOP-RND6NOP","pid":3536,"level":20,"msg":"Plugin loaded: \u001b[35mhexo-server\u001b[39m","time":"2017-03-31T02:18:40.867Z","v":0}
{"name":"hexo","hostname":"DESKTOP-RND6NOP","pid":3536,"level":20,"msg":"Plugin loaded: \u001b[35mhexo-renderer-marked\u001b[39m","time":"2017-03-31T02:18:41.032Z","v":0}
{"name":"hexo","hostname":"DESKTOP-RND6NOP","pid":3536,"level":20,"msg":"Plugin loaded: \u001b[35mhexo-wordcount\u001b[39m","time":"2017-03-31T02:18:41.153Z","v":0}
{"name":"hexo","hostname":"DESKTOP-RND6NOP","pid":3536,"level":20,"msg":"Loading database.","time":"2017-03-31T02:18:41.177Z","v":0}
{"name":"hexo","hostname":"DESKTOP-RND6NOP","pid":3536,"level":30,"msg":"Start processing","time":"2017-03-31T02:18:41.286Z","v":0}
{"name":"hexo","hostname":"DESKTOP-RND6NOP","pid":3536,"level":20,"msg":"Processed: \u001b[35mCNAME\u001b[39m","time":"2017-03-31T02:18:41.412Z","v":0}
{"name":"hexo","hostname":"DESKTOP-RND6NOP","pid":3536,"level":20,"msg":"Processed: \u001b[35mdebug.log\u001b[39m","time":"2017-03-31T02:18:41.455Z","v":0}
{"name":"hexo","hostname":"DESKTOP-RND6NOP","pid":3536,"level":20,"msg":"Processed: \u001b[35m_posts/hello-world.md\u001b[39m","time":"2017-03-31T02:18:41.496Z","v":0}
{"name":"hexo","hostname":"DESKTOP-RND6NOP","pid":3536,"level":20,"msg":"Processed: \u001b[35m_posts/hexo搭建个人博客.md\u001b[39m","time":"2017-03-31T02:18:41.585Z","v":0}
{"name":"hexo","hostname":"DESKTOP-RND6NOP","pid":3536,"level":20,"msg":"Processed: \u001b[35mcategories/index.md\u001b[39m","time":"2017-03-31T02:18:41.586Z","v":0}
{"name":"hexo","hostname":"DESKTOP-RND6NOP","pid":3536,"level":20,"msg":"Processed: \u001b[35mtags/index.md\u001b[39m","time":"2017-03-31T02:18:41.588Z","v":0}
{"name":"hexo","hostname":"DESKTOP-RND6NOP","pid":3536,"level":20,"msg":"Processed: \u001b[35m_posts/hexo搭建个人博客/new_repository.png\u001b[39m","time":"2017-03-31T02:18:41.644Z","v":0}
{"name":"hexo","hostname":"DESKTOP-RND6NOP","pid":3536,"level":20,"msg":"Processed: \u001b[35m_posts/hexo搭建个人博客/next.jpg\u001b[39m","time":"2017-03-31T02:18:41.645Z","v":0}
{"name":"hexo","hostname":"DESKTOP-RND6NOP","pid":3536,"level":20,"msg":"Theme config loaded.","time":"2017-03-31T02:18:41.681Z","v":0}
{"name":"hexo","hostname":"DESKTOP-RND6NOP","pid":3536,"level":20,"msg":"Processed: \u001b[35m_config.yml\u001b[39m","time":"2017-03-31T02:18:41.685Z","v":0}
{"name":"hexo","hostname":"DESKTOP-RND6NOP","pid":3536,"level":20,"msg":"Processed: \u001b[35m_posts/hexo搭建个人博客/ruiger_hexo.png\u001b[39m","time":"2017-03-31T02:18:41.685Z","v":0}
{"name":"hexo","hostname":"DESKTOP-RND6NOP","pid":3536,"level":20,"msg":"Processed: \u001b[35msource/css/main.styl\u001b[39m","time":"2017-03-31T02:18:41.687Z","v":0}
{"name":"hexo","hostname":"DESKTOP-RND6NOP","pid":3536,"level":20,"msg":"Processed: \u001b[35msource/images/WechatPay.png\u001b[39m","time":"2017-03-31T02:18:41.693Z","v":0}
{"name":"hexo","hostname":"DESKTOP-RND6NOP","pid":3536,"level":20,"msg":"Processed: \u001b[35msource/images/algolia_logo.svg\u001b[39m","time":"2017-03-31T02:18:41.695Z","v":0}
{"name":"hexo","hostname":"DESKTOP-RND6NOP","pid":3536,"level":20,"msg":"Processed: \u001b[35msource/images/avatar.gif\u001b[39m","time":"2017-03-31T02:18:41.696Z","v":0}
{"name":"hexo","hostname":"DESKTOP-RND6NOP","pid":3536,"level":20,"msg":"Processed: \u001b[35msource/images/cc-by-nc-nd.svg\u001b[39m","time":"2017-03-31T02:18:41.698Z","v":0}
{"name":"hexo","hostname":"DESKTOP-RND6NOP","pid":3536,"level":20,"msg":"Processed: \u001b[35msource/images/cc-by-nc-sa.svg\u001b[39m","time":"2017-03-31T02:18:41.699Z","v":0}
{"name":"hexo","hostname":"DESKTOP-RND6NOP","pid":3536,"level":20,"msg":"Processed: \u001b[35msource/images/cc-by-nc.svg\u001b[39m","time":"2017-03-31T02:18:41.706Z","v":0}
{"name":"hexo","hostname":"DESKTOP-RND6NOP","pid":3536,"level":20,"msg":"Processed: \u001b[35msource/images/cc-by-nd.svg\u001b[39m","time":"2017-03-31T02:18:41.708Z","v":0}
{"name":"hexo","hostname":"DESKTOP-RND6NOP","pid":3536,"level":20,"msg":"Processed: \u001b[35msource/images/cc-by-sa.svg\u001b[39m","time":"2017-03-31T02:18:41.710Z","v":0}
{"name":"hexo","hostname":"DESKTOP-RND6NOP","pid":3536,"level":20,"msg":"Processed: \u001b[35msource/images/cc-by.svg\u001b[39m","time":"2017-03-31T02:18:41.712Z","v":0}
{"name":"hexo","hostname":"DESKTOP-RND6NOP","pid":3536,"level":20,"msg":"Processed: \u001b[35msource/images/cc-zero.svg\u001b[39m","time":"2017-03-31T02:18:41.716Z","v":0}
{"name":"hexo","hostname":"DESKTOP-RND6NOP","pid":3536,"level":20,"msg":"Processed: \u001b[35msource/images/copyright-1.jpg\u001b[39m","time":"2017-03-31T02:18:41.723Z","v":0}
{"name":"hexo","hostname":"DESKTOP-RND6NOP","pid":3536,"level":20,"msg":"Processed: \u001b[35msource/images/copyright.jpg\u001b[39m","time":"2017-03-31T02:18:41.734Z","v":0}
{"name":"hexo","hostname":"DESKTOP-RND6NOP","pid":3536,"level":20,"msg":"Processed: \u001b[35msource/images/header-bk.gif\u001b[39m","time":"2017-03-31T02:18:41.736Z","v":0}
{"name":"hexo","hostname":"DESKTOP-RND6NOP","pid":3536,"level":20,"msg":"Processed: \u001b[35msource/images/loading.gif\u001b[39m","time":"2017-03-31T02:18:41.737Z","v":0}
{"name":"hexo","hostname":"DESKTOP-RND6NOP","pid":3536,"level":20,"msg":"Processed: \u001b[35msource/images/placeholder.gif\u001b[39m","time":"2017-03-31T02:18:41.741Z","v":0}
{"name":"hexo","hostname":"DESKTOP-RND6NOP","pid":3536,"level":20,"msg":"Processed: \u001b[35msource/images/quote-l.svg\u001b[39m","time":"2017-03-31T02:18:41.744Z","v":0}
{"name":"hexo","hostname":"DESKTOP-RND6NOP","pid":3536,"level":20,"msg":"Processed: \u001b[35msource/images/quote-r.svg\u001b[39m","time":"2017-03-31T02:18:41.746Z","v":0}
{"name":"hexo","hostname":"DESKTOP-RND6NOP","pid":3536,"level":20,"msg":"Processed: \u001b[35msource/images/searchicon.png\u001b[39m","time":"2017-03-31T02:18:41.747Z","v":0}
{"name":"hexo","hostname":"DESKTOP-RND6NOP","pid":3536,"level":20,"msg":"Processed: \u001b[35msource/images/sidebar-bk.gif\u001b[39m","time":"2017-03-31T02:18:41.753Z","v":0}
{"name":"hexo","hostname":"DESKTOP-RND6NOP","pid":3536,"level":20,"msg":"Processed: \u001b[35msource/images/sidebar-bk.jpg\u001b[39m","time":"2017-03-31T02:18:41.754Z","v":0}
{"name":"hexo","hostname":"DESKTOP-RND6NOP","pid":3536,"level":20,"msg":"Processed: \u001b[35msource/uploads/favicon.ico\u001b[39m","time":"2017-03-31T02:18:41.756Z","v":0}
{"name":"hexo","hostname":"DESKTOP-RND6NOP","pid":3536,"level":20,"msg":"Processed: \u001b[35mlayout/_layout.swig\u001b[39m","time":"2017-03-31T02:18:42.111Z","v":0}
{"name":"hexo","hostname":"DESKTOP-RND6NOP","pid":3536,"level":20,"msg":"Processed: \u001b[35mlayout/archive.swig\u001b[39m","time":"2017-03-31T02:18:42.113Z","v":0}
{"name":"hexo","hostname":"DESKTOP-RND6NOP","pid":3536,"level":20,"msg":"Processed: \u001b[35mlayout/category.swig\u001b[39m","time":"2017-03-31T02:18:42.115Z","v":0}
{"name":"hexo","hostname":"DESKTOP-RND6NOP","pid":3536,"level":20,"msg":"Processed: \u001b[35mlayout/index.swig\u001b[39m","time":"2017-03-31T02:18:42.116Z","v":0}
{"name":"hexo","hostname":"DESKTOP-RND6NOP","pid":3536,"level":20,"msg":"Processed: \u001b[35mlayout/page.swig\u001b[39m","time":"2017-03-31T02:18:42.117Z","v":0}
{"name":"hexo","hostname":"DESKTOP-RND6NOP","pid":3536,"level":20,"msg":"Processed: \u001b[35mlayout/post.swig\u001b[39m","time":"2017-03-31T02:18:42.118Z","v":0}
{"name":"hexo","hostname":"DESKTOP-RND6NOP","pid":3536,"level":20,"msg":"Processed: \u001b[35mlayout/schedule.swig\u001b[39m","time":"2017-03-31T02:18:42.119Z","v":0}
{"name":"hexo","hostname":"DESKTOP-RND6NOP","pid":3536,"level":20,"msg":"Processed: \u001b[35mlayout/tag.swig\u001b[39m","time":"2017-03-31T02:18:42.120Z","v":0}
{"name":"hexo","hostname":"DESKTOP-RND6NOP","pid":3536,"level":20,"msg":"Processed: \u001b[35mlanguages/de.yml\u001b[39m","time":"2017-03-31T02:18:42.149Z","v":0}
{"name":"hexo","hostname":"DESKTOP-RND6NOP","pid":3536,"level":20,"msg":"Processed: \u001b[35mlanguages/default.yml\u001b[39m","time":"2017-03-31T02:18:42.150Z","v":0}
{"name":"hexo","hostname":"DESKTOP-RND6NOP","pid":3536,"level":20,"msg":"Processed: \u001b[35mlanguages/en.yml\u001b[39m","time":"2017-03-31T02:18:42.151Z","v":0}
{"name":"hexo","hostname":"DESKTOP-RND6NOP","pid":3536,"level":20,"msg":"Processed: \u001b[35mlanguages/fr-FR.yml\u001b[39m","time":"2017-03-31T02:18:42.152Z","v":0}
{"name":"hexo","hostname":"DESKTOP-RND6NOP","pid":3536,"level":20,"msg":"Processed: \u001b[35mlanguages/id.yml\u001b[39m","time":"2017-03-31T02:18:42.153Z","v":0}
{"name":"hexo","hostname":"DESKTOP-RND6NOP","pid":3536,"level":20,"msg":"Processed: \u001b[35mlanguages/ja.yml\u001b[39m","time":"2017-03-31T02:18:42.155Z","v":0}
{"name":"hexo","hostname":"DESKTOP-RND6NOP","pid":3536,"level":20,"msg":"Processed: \u001b[35mlanguages/ko.yml\u001b[39m","time":"2017-03-31T02:18:42.158Z","v":0}
{"name":"hexo","hostname":"DESKTOP-RND6NOP","pid":3536,"level":20,"msg":"Processed: \u001b[35mlanguages/pt-BR.yml\u001b[39m","time":"2017-03-31T02:18:42.160Z","v":0}
{"name":"hexo","hostname":"DESKTOP-RND6NOP","pid":3536,"level":20,"msg":"Processed: \u001b[35mlanguages/pt.yml\u001b[39m","time":"2017-03-31T02:18:42.162Z","v":0}
{"name":"hexo","hostname":"DESKTOP-RND6NOP","pid":3536,"level":20,"msg":"Processed: \u001b[35mlanguages/ru.yml\u001b[39m","time":"2017-03-31T02:18:42.162Z","v":0}
{"name":"hexo","hostname":"DESKTOP-RND6NOP","pid":3536,"level":20,"msg":"Processed: \u001b[35mlanguages/zh-Hans.yml\u001b[39m","time":"2017-03-31T02:18:42.164Z","v":0}
{"name":"hexo","hostname":"DESKTOP-RND6NOP","pid":3536,"level":20,"msg":"Processed: \u001b[35mlanguages/zh-hk.yml\u001b[39m","time":"2017-03-31T02:18:42.165Z","v":0}
{"name":"hexo","hostname":"DESKTOP-RND6NOP","pid":3536,"level":20,"msg":"Processed: \u001b[35mlanguages/zh-tw.yml\u001b[39m","time":"2017-03-31T02:18:42.166Z","v":0}
{"name":"hexo","hostname":"DESKTOP-RND6NOP","pid":3536,"level":20,"msg":"Processed: \u001b[35msource/images/AliPay.jpg\u001b[39m","time":"2017-03-31T02:18:42.168Z","v":0}
{"name":"hexo","hostname":"DESKTOP-RND6NOP","pid":3536,"level":20,"msg":"Processed: \u001b[35msource/js/src/affix.js\u001b[39m","time":"2017-03-31T02:18:42.172Z","v":0}
{"name":"hexo","hostname":"DESKTOP-RND6NOP","pid":3536,"level":20,"msg":"Processed: \u001b[35msource/js/src/algolia-search.js\u001b[39m","time":"2017-03-31T02:18:42.174Z","v":0}
{"name":"hexo","hostname":"DESKTOP-RND6NOP","pid":3536,"level":20,"msg":"Processed: \u001b[35msource/js/src/bootstrap.js\u001b[39m","time":"2017-03-31T02:18:42.175Z","v":0}
{"name":"hexo","hostname":"DESKTOP-RND6NOP","pid":3536,"level":20,"msg":"Processed: \u001b[35msource/js/src/exturl.js\u001b[39m","time":"2017-03-31T02:18:42.177Z","v":0}
{"name":"hexo","hostname":"DESKTOP-RND6NOP","pid":3536,"level":20,"msg":"Processed: \u001b[35msource/js/src/hook-duoshuo.js\u001b[39m","time":"2017-03-31T02:18:42.179Z","v":0}
{"name":"hexo","hostname":"DESKTOP-RND6NOP","pid":3536,"level":20,"msg":"Processed: \u001b[35msource/js/src/motion.js\u001b[39m","time":"2017-03-31T02:18:42.180Z","v":0}
{"name":"hexo","hostname":"DESKTOP-RND6NOP","pid":3536,"level":20,"msg":"Processed: \u001b[35msource/js/src/post-details.js\u001b[39m","time":"2017-03-31T02:18:42.182Z","v":0}
{"name":"hexo","hostname":"DESKTOP-RND6NOP","pid":3536,"level":20,"msg":"Processed: \u001b[35msource/js/src/scrollspy.js\u001b[39m","time":"2017-03-31T02:18:42.183Z","v":0}
{"name":"hexo","hostname":"DESKTOP-RND6NOP","pid":3536,"level":20,"msg":"Processed: \u001b[35msource/js/src/utils.js\u001b[39m","time":"2017-03-31T02:18:42.185Z","v":0}
{"name":"hexo","hostname":"DESKTOP-RND6NOP","pid":3536,"level":20,"msg":"Processed: \u001b[35msource/lib/algolia-instant-search/instantsearch.min.css\u001b[39m","time":"2017-03-31T02:18:42.186Z","v":0}
{"name":"hexo","hostname":"DESKTOP-RND6NOP","pid":3536,"level":20,"msg":"Processed: \u001b[35msource/lib/canvas-nest/canvas-nest.min.js\u001b[39m","time":"2017-03-31T02:18:42.188Z","v":0}
{"name":"hexo","hostname":"DESKTOP-RND6NOP","pid":3536,"level":20,"msg":"Processed: \u001b[35msource/lib/fastclick/LICENSE\u001b[39m","time":"2017-03-31T02:18:42.189Z","v":0}
{"name":"hexo","hostname":"DESKTOP-RND6NOP","pid":3536,"level":20,"msg":"Processed: \u001b[35msource/lib/fastclick/README.md\u001b[39m","time":"2017-03-31T02:18:42.198Z","v":0}
{"name":"hexo","hostname":"DESKTOP-RND6NOP","pid":3536,"level":20,"msg":"Processed: \u001b[35msource/lib/fastclick/bower.json\u001b[39m","time":"2017-03-31T02:18:42.199Z","v":0}
{"name":"hexo","hostname":"DESKTOP-RND6NOP","pid":3536,"level":20,"msg":"Processed: \u001b[35msource/lib/font-awesome/HELP-US-OUT.txt\u001b[39m","time":"2017-03-31T02:18:42.200Z","v":0}
{"name":"hexo","hostname":"DESKTOP-RND6NOP","pid":3536,"level":20,"msg":"Processed: \u001b[35msource/lib/font-awesome/bower.json\u001b[39m","time":"2017-03-31T02:18:42.202Z","v":0}
{"name":"hexo","hostname":"DESKTOP-RND6NOP","pid":3536,"level":20,"msg":"Processed: \u001b[35msource/lib/jquery_lazyload/CONTRIBUTING.md\u001b[39m","time":"2017-03-31T02:18:42.203Z","v":0}
{"name":"hexo","hostname":"DESKTOP-RND6NOP","pid":3536,"level":20,"msg":"Processed: \u001b[35msource/lib/jquery_lazyload/README.md\u001b[39m","time":"2017-03-31T02:18:42.204Z","v":0}
{"name":"hexo","hostname":"DESKTOP-RND6NOP","pid":3536,"level":20,"msg":"Processed: \u001b[35msource/lib/jquery_lazyload/bower.json\u001b[39m","time":"2017-03-31T02:18:42.206Z","v":0}
{"name":"hexo","hostname":"DESKTOP-RND6NOP","pid":3536,"level":20,"msg":"Processed: \u001b[35msource/lib/jquery_lazyload/jquery.lazyload.js\u001b[39m","time":"2017-03-31T02:18:42.208Z","v":0}
{"name":"hexo","hostname":"DESKTOP-RND6NOP","pid":3536,"level":20,"msg":"Processed: \u001b[35msource/lib/jquery_lazyload/jquery.scrollstop.js\u001b[39m","time":"2017-03-31T02:18:42.209Z","v":0}
{"name":"hexo","hostname":"DESKTOP-RND6NOP","pid":3536,"level":20,"msg":"Processed: \u001b[35msource/lib/three/three-waves.min.js\u001b[39m","time":"2017-03-31T02:18:42.211Z","v":0}
{"name":"hexo","hostname":"DESKTOP-RND6NOP","pid":3536,"level":20,"msg":"Processed: \u001b[35msource/lib/velocity/bower.json\u001b[39m","time":"2017-03-31T02:18:42.214Z","v":0}
{"name":"hexo","hostname":"DESKTOP-RND6NOP","pid":3536,"level":20,"msg":"Processed: \u001b[35msource/lib/velocity/velocity.min.js\u001b[39m","time":"2017-03-31T02:18:42.219Z","v":0}
{"name":"hexo","hostname":"DESKTOP-RND6NOP","pid":3536,"level":20,"msg":"Processed: \u001b[35msource/lib/velocity/velocity.ui.js\u001b[39m","time":"2017-03-31T02:18:42.220Z","v":0}
{"name":"hexo","hostname":"DESKTOP-RND6NOP","pid":3536,"level":20,"msg":"Processed: \u001b[35msource/lib/velocity/velocity.ui.min.js\u001b[39m","time":"2017-03-31T02:18:42.221Z","v":0}
{"name":"hexo","hostname":"DESKTOP-RND6NOP","pid":3536,"level":20,"msg":"Processed: \u001b[35msource/lib/jquery/index.js\u001b[39m","time":"2017-03-31T02:18:42.245Z","v":0}
{"name":"hexo","hostname":"DESKTOP-RND6NOP","pid":3536,"level":20,"msg":"Processed: \u001b[35mlayout/_custom/sidebar.swig\u001b[39m","time":"2017-03-31T02:18:42.337Z","v":0}
{"name":"hexo","hostname":"DESKTOP-RND6NOP","pid":3536,"level":20,"msg":"Processed: \u001b[35mlayout/_custom/header.swig\u001b[39m","time":"2017-03-31T02:18:42.338Z","v":0}
{"name":"hexo","hostname":"DESKTOP-RND6NOP","pid":3536,"level":20,"msg":"Processed: \u001b[35mlayout/_macro/passage-end-tag.swig\u001b[39m","time":"2017-03-31T02:18:42.340Z","v":0}
{"name":"hexo","hostname":"DESKTOP-RND6NOP","pid":3536,"level":20,"msg":"Processed: \u001b[35mlayout/_macro/post-collapse.swig\u001b[39m","time":"2017-03-31T02:18:42.342Z","v":0}
{"name":"hexo","hostname":"DESKTOP-RND6NOP","pid":3536,"level":20,"msg":"Processed: \u001b[35mlayout/_macro/post-copyright.swig\u001b[39m","time":"2017-03-31T02:18:42.345Z","v":0}
{"name":"hexo","hostname":"DESKTOP-RND6NOP","pid":3536,"level":20,"msg":"Processed: \u001b[35mlayout/_macro/reward.swig\u001b[39m","time":"2017-03-31T02:18:42.346Z","v":0}
{"name":"hexo","hostname":"DESKTOP-RND6NOP","pid":3536,"level":20,"msg":"Processed: \u001b[35mlayout/_macro/sidebar.swig\u001b[39m","time":"2017-03-31T02:18:42.348Z","v":0}
{"name":"hexo","hostname":"DESKTOP-RND6NOP","pid":3536,"level":20,"msg":"Processed: \u001b[35mlayout/_partials/comments.swig\u001b[39m","time":"2017-03-31T02:18:42.349Z","v":0}
{"name":"hexo","hostname":"DESKTOP-RND6NOP","pid":3536,"level":20,"msg":"Processed: \u001b[35mlayout/_macro/wechat-subscriber.swig\u001b[39m","time":"2017-03-31T02:18:42.350Z","v":0}
{"name":"hexo","hostname":"DESKTOP-RND6NOP","pid":3536,"level":20,"msg":"Processed: \u001b[35mlayout/_partials/footer.swig\u001b[39m","time":"2017-03-31T02:18:42.351Z","v":0}
{"name":"hexo","hostname":"DESKTOP-RND6NOP","pid":3536,"level":20,"msg":"Processed: \u001b[35mlayout/_partials/head.swig\u001b[39m","time":"2017-03-31T02:18:42.352Z","v":0}
{"name":"hexo","hostname":"DESKTOP-RND6NOP","pid":3536,"level":20,"msg":"Processed: \u001b[35mlayout/_partials/header.swig\u001b[39m","time":"2017-03-31T02:18:42.353Z","v":0}
{"name":"hexo","hostname":"DESKTOP-RND6NOP","pid":3536,"level":20,"msg":"Processed: \u001b[35mlayout/_partials/page-header.swig\u001b[39m","time":"2017-03-31T02:18:42.354Z","v":0}
{"name":"hexo","hostname":"DESKTOP-RND6NOP","pid":3536,"level":20,"msg":"Processed: \u001b[35mlayout/_partials/search.swig\u001b[39m","time":"2017-03-31T02:18:42.355Z","v":0}
{"name":"hexo","hostname":"DESKTOP-RND6NOP","pid":3536,"level":20,"msg":"Processed: \u001b[35mlayout/_partials/pagination.swig\u001b[39m","time":"2017-03-31T02:18:42.357Z","v":0}
{"name":"hexo","hostname":"DESKTOP-RND6NOP","pid":3536,"level":20,"msg":"Processed: \u001b[35mlayout/_scripts/boostrap.swig\u001b[39m","time":"2017-03-31T02:18:42.358Z","v":0}
{"name":"hexo","hostname":"DESKTOP-RND6NOP","pid":3536,"level":20,"msg":"Processed: \u001b[35mlayout/_scripts/commons.swig\u001b[39m","time":"2017-03-31T02:18:42.360Z","v":0}
{"name":"hexo","hostname":"DESKTOP-RND6NOP","pid":3536,"level":20,"msg":"Processed: \u001b[35mlayout/_scripts/vendors.swig\u001b[39m","time":"2017-03-31T02:18:42.361Z","v":0}
{"name":"hexo","hostname":"DESKTOP-RND6NOP","pid":3536,"level":20,"msg":"Processed: \u001b[35mlayout/_third-party/duoshuo-hot-articles.swig\u001b[39m","time":"2017-03-31T02:18:42.362Z","v":0}
{"name":"hexo","hostname":"DESKTOP-RND6NOP","pid":3536,"level":20,"msg":"Processed: \u001b[35mlayout/_third-party/exturl.swig\u001b[39m","time":"2017-03-31T02:18:42.364Z","v":0}
{"name":"hexo","hostname":"DESKTOP-RND6NOP","pid":3536,"level":20,"msg":"Processed: \u001b[35mlayout/_third-party/mathjax.swig\u001b[39m","time":"2017-03-31T02:18:42.368Z","v":0}
{"name":"hexo","hostname":"DESKTOP-RND6NOP","pid":3536,"level":20,"msg":"Processed: \u001b[35mlayout/_third-party/schedule.swig\u001b[39m","time":"2017-03-31T02:18:42.369Z","v":0}
{"name":"hexo","hostname":"DESKTOP-RND6NOP","pid":3536,"level":20,"msg":"Processed: \u001b[35mlayout/_macro/post.swig\u001b[39m","time":"2017-03-31T02:18:42.371Z","v":0}
{"name":"hexo","hostname":"DESKTOP-RND6NOP","pid":3536,"level":20,"msg":"Processed: \u001b[35msource/js/src/schemes/pisces.js\u001b[39m","time":"2017-03-31T02:18:42.378Z","v":0}
{"name":"hexo","hostname":"DESKTOP-RND6NOP","pid":3536,"level":20,"msg":"Processed: \u001b[35msource/lib/fancybox/source/blank.gif\u001b[39m","time":"2017-03-31T02:18:42.379Z","v":0}
{"name":"hexo","hostname":"DESKTOP-RND6NOP","pid":3536,"level":20,"msg":"Processed: \u001b[35msource/lib/fancybox/source/fancybox_loading.gif\u001b[39m","time":"2017-03-31T02:18:42.380Z","v":0}
{"name":"hexo","hostname":"DESKTOP-RND6NOP","pid":3536,"level":20,"msg":"Processed: \u001b[35msource/lib/fancybox/source/fancybox_loading@2x.gif\u001b[39m","time":"2017-03-31T02:18:42.382Z","v":0}
{"name":"hexo","hostname":"DESKTOP-RND6NOP","pid":3536,"level":20,"msg":"Processed: \u001b[35msource/lib/fancybox/source/fancybox_overlay.png\u001b[39m","time":"2017-03-31T02:18:42.383Z","v":0}
{"name":"hexo","hostname":"DESKTOP-RND6NOP","pid":3536,"level":20,"msg":"Processed: \u001b[35msource/lib/fancybox/source/fancybox_sprite.png\u001b[39m","time":"2017-03-31T02:18:42.385Z","v":0}
{"name":"hexo","hostname":"DESKTOP-RND6NOP","pid":3536,"level":20,"msg":"Processed: \u001b[35msource/lib/fancybox/source/fancybox_sprite@2x.png\u001b[39m","time":"2017-03-31T02:18:42.390Z","v":0}
{"name":"hexo","hostname":"DESKTOP-RND6NOP","pid":3536,"level":20,"msg":"Processed: \u001b[35msource/lib/fancybox/source/jquery.fancybox.css\u001b[39m","time":"2017-03-31T02:18:42.393Z","v":0}
{"name":"hexo","hostname":"DESKTOP-RND6NOP","pid":3536,"level":20,"msg":"Processed: \u001b[35msource/lib/fancybox/source/jquery.fancybox.js\u001b[39m","time":"2017-03-31T02:18:42.395Z","v":0}
{"name":"hexo","hostname":"DESKTOP-RND6NOP","pid":3536,"level":20,"msg":"Processed: \u001b[35msource/lib/fancybox/source/jquery.fancybox.pack.js\u001b[39m","time":"2017-03-31T02:18:42.397Z","v":0}
{"name":"hexo","hostname":"DESKTOP-RND6NOP","pid":3536,"level":20,"msg":"Processed: \u001b[35msource/lib/fastclick/lib/fastclick.js\u001b[39m","time":"2017-03-31T02:18:42.399Z","v":0}
{"name":"hexo","hostname":"DESKTOP-RND6NOP","pid":3536,"level":20,"msg":"Processed: \u001b[35msource/lib/fastclick/lib/fastclick.min.js\u001b[39m","time":"2017-03-31T02:18:42.401Z","v":0}
{"name":"hexo","hostname":"DESKTOP-RND6NOP","pid":3536,"level":20,"msg":"Processed: \u001b[35msource/lib/font-awesome/css/font-awesome.css\u001b[39m","time":"2017-03-31T02:18:42.402Z","v":0}
{"name":"hexo","hostname":"DESKTOP-RND6NOP","pid":3536,"level":20,"msg":"Processed: \u001b[35msource/lib/font-awesome/css/font-awesome.css.map\u001b[39m","time":"2017-03-31T02:18:42.403Z","v":0}
{"name":"hexo","hostname":"DESKTOP-RND6NOP","pid":3536,"level":20,"msg":"Processed: \u001b[35msource/lib/font-awesome/css/font-awesome.min.css\u001b[39m","time":"2017-03-31T02:18:42.404Z","v":0}
{"name":"hexo","hostname":"DESKTOP-RND6NOP","pid":3536,"level":20,"msg":"Processed: \u001b[35msource/lib/ua-parser-js/dist/ua-parser.min.js\u001b[39m","time":"2017-03-31T02:18:42.407Z","v":0}
{"name":"hexo","hostname":"DESKTOP-RND6NOP","pid":3536,"level":20,"msg":"Processed: \u001b[35msource/lib/ua-parser-js/dist/ua-parser.pack.js\u001b[39m","time":"2017-03-31T02:18:42.409Z","v":0}
{"name":"hexo","hostname":"DESKTOP-RND6NOP","pid":3536,"level":20,"msg":"Processed: \u001b[35mlayout/_scripts/schemes/mist.swig\u001b[39m","time":"2017-03-31T02:18:42.419Z","v":0}
{"name":"hexo","hostname":"DESKTOP-RND6NOP","pid":3536,"level":20,"msg":"Processed: \u001b[35mlayout/_scripts/schemes/muse.swig\u001b[39m","time":"2017-03-31T02:18:42.420Z","v":0}
{"name":"hexo","hostname":"DESKTOP-RND6NOP","pid":3536,"level":20,"msg":"Processed: \u001b[35msource/lib/font-awesome/fonts/fontawesome-webfont.woff\u001b[39m","time":"2017-03-31T02:18:42.422Z","v":0}
{"name":"hexo","hostname":"DESKTOP-RND6NOP","pid":3536,"level":20,"msg":"Processed: \u001b[35msource/lib/font-awesome/fonts/fontawesome-webfont.woff2\u001b[39m","time":"2017-03-31T02:18:42.423Z","v":0}
{"name":"hexo","hostname":"DESKTOP-RND6NOP","pid":3536,"level":20,"msg":"Processed: \u001b[35msource/lib/velocity/velocity.js\u001b[39m","time":"2017-03-31T02:18:42.425Z","v":0}
{"name":"hexo","hostname":"DESKTOP-RND6NOP","pid":3536,"level":20,"msg":"Processed: \u001b[35mlayout/_partials/head/external-fonts.swig\u001b[39m","time":"2017-03-31T02:18:42.482Z","v":0}
{"name":"hexo","hostname":"DESKTOP-RND6NOP","pid":3536,"level":20,"msg":"Processed: \u001b[35mlayout/_partials/head/custom-head.swig\u001b[39m","time":"2017-03-31T02:18:42.483Z","v":0}
{"name":"hexo","hostname":"DESKTOP-RND6NOP","pid":3536,"level":20,"msg":"Processed: \u001b[35mlayout/_partials/search/localsearch.swig\u001b[39m","time":"2017-03-31T02:18:42.487Z","v":0}
{"name":"hexo","hostname":"DESKTOP-RND6NOP","pid":3536,"level":20,"msg":"Processed: \u001b[35mlayout/_partials/search/swiftype.swig\u001b[39m","time":"2017-03-31T02:18:42.488Z","v":0}
{"name":"hexo","hostname":"DESKTOP-RND6NOP","pid":3536,"level":20,"msg":"Processed: \u001b[35mlayout/_partials/search/tinysou.swig\u001b[39m","time":"2017-03-31T02:18:42.489Z","v":0}
{"name":"hexo","hostname":"DESKTOP-RND6NOP","pid":3536,"level":20,"msg":"Processed: \u001b[35mlayout/_partials/share/add-this.swig\u001b[39m","time":"2017-03-31T02:18:42.490Z","v":0}
{"name":"hexo","hostname":"DESKTOP-RND6NOP","pid":3536,"level":20,"msg":"Processed: \u001b[35mlayout/_partials/share/baidushare.swig\u001b[39m","time":"2017-03-31T02:18:42.491Z","v":0}
{"name":"hexo","hostname":"DESKTOP-RND6NOP","pid":3536,"level":20,"msg":"Processed: \u001b[35mlayout/_partials/share/duoshuo_share.swig\u001b[39m","time":"2017-03-31T02:18:42.493Z","v":0}
{"name":"hexo","hostname":"DESKTOP-RND6NOP","pid":3536,"level":20,"msg":"Processed: \u001b[35mlayout/_partials/share/jiathis.swig\u001b[39m","time":"2017-03-31T02:18:42.495Z","v":0}
{"name":"hexo","hostname":"DESKTOP-RND6NOP","pid":3536,"level":20,"msg":"Processed: \u001b[35mlayout/_scripts/pages/post-details.swig\u001b[39m","time":"2017-03-31T02:18:42.496Z","v":0}
{"name":"hexo","hostname":"DESKTOP-RND6NOP","pid":3536,"level":20,"msg":"Processed: \u001b[35mlayout/_scripts/schemes/pisces.swig\u001b[39m","time":"2017-03-31T02:18:42.497Z","v":0}
{"name":"hexo","hostname":"DESKTOP-RND6NOP","pid":3536,"level":20,"msg":"Processed: \u001b[35mlayout/_third-party/analytics/application-insights.swig\u001b[39m","time":"2017-03-31T02:18:42.499Z","v":0}
{"name":"hexo","hostname":"DESKTOP-RND6NOP","pid":3536,"level":20,"msg":"Processed: \u001b[35mlayout/_third-party/analytics/baidu-analytics.swig\u001b[39m","time":"2017-03-31T02:18:42.502Z","v":0}
{"name":"hexo","hostname":"DESKTOP-RND6NOP","pid":3536,"level":20,"msg":"Processed: \u001b[35mlayout/_third-party/analytics/busuanzi-counter.swig\u001b[39m","time":"2017-03-31T02:18:42.503Z","v":0}
{"name":"hexo","hostname":"DESKTOP-RND6NOP","pid":3536,"level":20,"msg":"Processed: \u001b[35mlayout/_third-party/analytics/cnzz-analytics.swig\u001b[39m","time":"2017-03-31T02:18:42.505Z","v":0}
{"name":"hexo","hostname":"DESKTOP-RND6NOP","pid":3536,"level":20,"msg":"Processed: \u001b[35mlayout/_third-party/analytics/facebook-sdk.swig\u001b[39m","time":"2017-03-31T02:18:42.506Z","v":0}
{"name":"hexo","hostname":"DESKTOP-RND6NOP","pid":3536,"level":20,"msg":"Processed: \u001b[35mlayout/_third-party/analytics/google-analytics.swig\u001b[39m","time":"2017-03-31T02:18:42.507Z","v":0}
{"name":"hexo","hostname":"DESKTOP-RND6NOP","pid":3536,"level":20,"msg":"Processed: \u001b[35mlayout/_third-party/analytics/index.swig\u001b[39m","time":"2017-03-31T02:18:42.508Z","v":0}
{"name":"hexo","hostname":"DESKTOP-RND6NOP","pid":3536,"level":20,"msg":"Processed: \u001b[35mlayout/_third-party/analytics/lean-analytics.swig\u001b[39m","time":"2017-03-31T02:18:42.509Z","v":0}
{"name":"hexo","hostname":"DESKTOP-RND6NOP","pid":3536,"level":20,"msg":"Processed: \u001b[35mlayout/_third-party/analytics/tencent-analytics.swig\u001b[39m","time":"2017-03-31T02:18:42.510Z","v":0}
{"name":"hexo","hostname":"DESKTOP-RND6NOP","pid":3536,"level":20,"msg":"Processed: \u001b[35mlayout/_third-party/analytics/vkontakte-api.swig\u001b[39m","time":"2017-03-31T02:18:42.512Z","v":0}
{"name":"hexo","hostname":"DESKTOP-RND6NOP","pid":3536,"level":20,"msg":"Processed: \u001b[35mlayout/_third-party/analytics/tencent-mta.swig\u001b[39m","time":"2017-03-31T02:18:42.514Z","v":0}
{"name":"hexo","hostname":"DESKTOP-RND6NOP","pid":3536,"level":20,"msg":"Processed: \u001b[35mlayout/_third-party/comments/changyan.swig\u001b[39m","time":"2017-03-31T02:18:42.515Z","v":0}
{"name":"hexo","hostname":"DESKTOP-RND6NOP","pid":3536,"level":20,"msg":"Processed: \u001b[35mlayout/_third-party/comments/disqus.swig\u001b[39m","time":"2017-03-31T02:18:42.516Z","v":0}
{"name":"hexo","hostname":"DESKTOP-RND6NOP","pid":3536,"level":20,"msg":"Processed: \u001b[35mlayout/_third-party/comments/duoshuo.swig\u001b[39m","time":"2017-03-31T02:18:42.517Z","v":0}
{"name":"hexo","hostname":"DESKTOP-RND6NOP","pid":3536,"level":20,"msg":"Processed: \u001b[35mlayout/_third-party/comments/gentie.swig\u001b[39m","time":"2017-03-31T02:18:42.519Z","v":0}
{"name":"hexo","hostname":"DESKTOP-RND6NOP","pid":3536,"level":20,"msg":"Processed: \u001b[35mlayout/_third-party/comments/hypercomments.swig\u001b[39m","time":"2017-03-31T02:18:42.523Z","v":0}
{"name":"hexo","hostname":"DESKTOP-RND6NOP","pid":3536,"level":20,"msg":"Processed: \u001b[35mlayout/_third-party/comments/index.swig\u001b[39m","time":"2017-03-31T02:18:42.524Z","v":0}
{"name":"hexo","hostname":"DESKTOP-RND6NOP","pid":3536,"level":20,"msg":"Processed: \u001b[35mlayout/_third-party/comments/livere.swig\u001b[39m","time":"2017-03-31T02:18:42.525Z","v":0}
{"name":"hexo","hostname":"DESKTOP-RND6NOP","pid":3536,"level":20,"msg":"Processed: \u001b[35mlayout/_third-party/comments/youyan.swig\u001b[39m","time":"2017-03-31T02:18:42.527Z","v":0}
{"name":"hexo","hostname":"DESKTOP-RND6NOP","pid":3536,"level":20,"msg":"Processed: \u001b[35mlayout/_third-party/search/index.swig\u001b[39m","time":"2017-03-31T02:18:42.529Z","v":0}
{"name":"hexo","hostname":"DESKTOP-RND6NOP","pid":3536,"level":20,"msg":"Processed: \u001b[35mlayout/_third-party/search/tinysou.swig\u001b[39m","time":"2017-03-31T02:18:42.530Z","v":0}
{"name":"hexo","hostname":"DESKTOP-RND6NOP","pid":3536,"level":20,"msg":"Processed: \u001b[35mlayout/_third-party/search/localsearch.swig\u001b[39m","time":"2017-03-31T02:18:42.532Z","v":0}
{"name":"hexo","hostname":"DESKTOP-RND6NOP","pid":3536,"level":20,"msg":"Processed: \u001b[35mlayout/_third-party/seo/baidu-push.swig\u001b[39m","time":"2017-03-31T02:18:42.533Z","v":0}
{"name":"hexo","hostname":"DESKTOP-RND6NOP","pid":3536,"level":20,"msg":"Processed: \u001b[35msource/lib/fancybox/source/helpers/fancybox_buttons.png\u001b[39m","time":"2017-03-31T02:18:42.545Z","v":0}
{"name":"hexo","hostname":"DESKTOP-RND6NOP","pid":3536,"level":20,"msg":"Processed: \u001b[35msource/lib/fancybox/source/helpers/jquery.fancybox-buttons.css\u001b[39m","time":"2017-03-31T02:18:42.547Z","v":0}
{"name":"hexo","hostname":"DESKTOP-RND6NOP","pid":3536,"level":20,"msg":"Processed: \u001b[35msource/lib/fancybox/source/helpers/jquery.fancybox-buttons.js\u001b[39m","time":"2017-03-31T02:18:42.548Z","v":0}
{"name":"hexo","hostname":"DESKTOP-RND6NOP","pid":3536,"level":20,"msg":"Processed: \u001b[35msource/lib/fancybox/source/helpers/jquery.fancybox-media.js\u001b[39m","time":"2017-03-31T02:18:42.549Z","v":0}
{"name":"hexo","hostname":"DESKTOP-RND6NOP","pid":3536,"level":20,"msg":"Processed: \u001b[35msource/lib/fancybox/source/helpers/jquery.fancybox-thumbs.css\u001b[39m","time":"2017-03-31T02:18:42.550Z","v":0}
{"name":"hexo","hostname":"DESKTOP-RND6NOP","pid":3536,"level":20,"msg":"Processed: \u001b[35msource/lib/fancybox/source/helpers/jquery.fancybox-thumbs.js\u001b[39m","time":"2017-03-31T02:18:42.553Z","v":0}
{"name":"hexo","hostname":"DESKTOP-RND6NOP","pid":3536,"level":20,"msg":"Processed: \u001b[35msource/lib/font-awesome/fonts/FontAwesome.otf\u001b[39m","time":"2017-03-31T02:18:42.554Z","v":0}
{"name":"hexo","hostname":"DESKTOP-RND6NOP","pid":3536,"level":20,"msg":"Processed: \u001b[35msource/lib/font-awesome/fonts/fontawesome-webfont.eot\u001b[39m","time":"2017-03-31T02:18:42.555Z","v":0}
{"name":"hexo","hostname":"DESKTOP-RND6NOP","pid":3536,"level":20,"msg":"Processed: \u001b[35msource/lib/font-awesome/fonts/fontawesome-webfont.ttf\u001b[39m","time":"2017-03-31T02:18:42.556Z","v":0}
{"name":"hexo","hostname":"DESKTOP-RND6NOP","pid":3536,"level":20,"msg":"Processed: \u001b[35mlayout/_third-party/search/algolia-search/assets.swig\u001b[39m","time":"2017-03-31T02:18:42.562Z","v":0}
{"name":"hexo","hostname":"DESKTOP-RND6NOP","pid":3536,"level":20,"msg":"Processed: \u001b[35msource/lib/algolia-instant-search/instantsearch.min.js\u001b[39m","time":"2017-03-31T02:18:42.565Z","v":0}
{"name":"hexo","hostname":"DESKTOP-RND6NOP","pid":3536,"level":20,"msg":"Processed: \u001b[35mlayout/_third-party/search/algolia-search/dom.swig\u001b[39m","time":"2017-03-31T02:18:42.569Z","v":0}
{"name":"hexo","hostname":"DESKTOP-RND6NOP","pid":3536,"level":20,"msg":"Processed: \u001b[35msource/lib/three/three.min.js\u001b[39m","time":"2017-03-31T02:18:42.572Z","v":0}
{"name":"hexo","hostname":"DESKTOP-RND6NOP","pid":3536,"level":20,"msg":"Processed: \u001b[35msource/lib/font-awesome/fonts/fontawesome-webfont.svg\u001b[39m","time":"2017-03-31T02:18:42.578Z","v":0}
{"name":"hexo","hostname":"DESKTOP-RND6NOP","pid":3536,"level":20,"msg":"Processed: \u001b[35msource/uploads/anan.JPG\u001b[39m","time":"2017-03-31T02:18:42.650Z","v":0}
{"name":"hexo","hostname":"DESKTOP-RND6NOP","pid":3536,"level":20,"msg":"Generator: \u001b[35mpage\u001b[39m","time":"2017-03-31T02:18:43.175Z","v":0}
{"name":"hexo","hostname":"DESKTOP-RND6NOP","pid":3536,"level":20,"msg":"Generator: \u001b[35mpost\u001b[39m","time":"2017-03-31T02:18:43.177Z","v":0}
{"name":"hexo","hostname":"DESKTOP-RND6NOP","pid":3536,"level":20,"msg":"Generator: \u001b[35mcategory\u001b[39m","time":"2017-03-31T02:18:43.178Z","v":0}
{"name":"hexo","hostname":"DESKTOP-RND6NOP","pid":3536,"level":20,"msg":"Generator: \u001b[35mindex\u001b[39m","time":"2017-03-31T02:18:43.179Z","v":0}
{"name":"hexo","hostname":"DESKTOP-RND6NOP","pid":3536,"level":20,"msg":"Generator: \u001b[35marchive\u001b[39m","time":"2017-03-31T02:18:43.180Z","v":0}
{"name":"hexo","hostname":"DESKTOP-RND6NOP","pid":3536,"level":20,"msg":"Generator: \u001b[35mtag\u001b[39m","time":"2017-03-31T02:18:43.182Z","v":0}
{"name":"hexo","hostname":"DESKTOP-RND6NOP","pid":3536,"level":20,"msg":"Generator: \u001b[35masset\u001b[39m","time":"2017-03-31T02:18:43.191Z","v":0}
{"name":"hexo","hostname":"DESKTOP-RND6NOP","pid":3536,"level":30,"msg":"Hexo is running at \u001b[4mhttp://localhost:4000/\u001b[24m. Press Ctrl+C to stop.","time":"2017-03-31T02:18:43.207Z","v":0}
{"name":"hexo","hostname":"DESKTOP-RND6NOP","pid":3536,"level":20,"msg":"Database saved","time":"2017-03-31T02:18:43.237Z","v":0}
{"name":"hexo","hostname":"DESKTOP-RND6NOP","pid":3536,"level":20,"msg":"Rendering post: \u001b[35m2017/03/29/hexo搭建个人博客/index.html\u001b[39m","time":"2017-03-31T02:18:59.173Z","v":0}
{"name":"hexo","hostname":"DESKTOP-RND6NOP","pid":3536,"level":20,"msg":"Processed: \u001b[35mlayout/_macro/post.swig\u001b[39m","time":"2017-03-31T02:19:23.734Z","v":0}
{"name":"hexo","hostname":"DESKTOP-RND6NOP","pid":3536,"level":20,"msg":"Generator: \u001b[35mpage\u001b[39m","time":"2017-03-31T02:19:23.864Z","v":0}
{"name":"hexo","hostname":"DESKTOP-RND6NOP","pid":3536,"level":20,"msg":"Generator: \u001b[35mpost\u001b[39m","time":"2017-03-31T02:19:23.866Z","v":0}
{"name":"hexo","hostname":"DESKTOP-RND6NOP","pid":3536,"level":20,"msg":"Generator: \u001b[35mcategory\u001b[39m","time":"2017-03-31T02:19:23.868Z","v":0}
{"name":"hexo","hostname":"DESKTOP-RND6NOP","pid":3536,"level":20,"msg":"Generator: \u001b[35mindex\u001b[39m","time":"2017-03-31T02:19:23.869Z","v":0}
{"name":"hexo","hostname":"DESKTOP-RND6NOP","pid":3536,"level":20,"msg":"Generator: \u001b[35marchive\u001b[39m","time":"2017-03-31T02:19:23.870Z","v":0}
{"name":"hexo","hostname":"DESKTOP-RND6NOP","pid":3536,"level":20,"msg":"Generator: \u001b[35mtag\u001b[39m","time":"2017-03-31T02:19:23.872Z","v":0}
{"name":"hexo","hostname":"DESKTOP-RND6NOP","pid":3536,"level":20,"msg":"Generator: \u001b[35masset\u001b[39m","time":"2017-03-31T02:19:23.885Z","v":0}
{"name":"hexo","hostname":"DESKTOP-RND6NOP","pid":3536,"level":20,"msg":"Processed: \u001b[35mlayout/_macro/passage-end-tag.swig\u001b[39m","time":"2017-03-31T02:21:01.578Z","v":0}
{"name":"hexo","hostname":"DESKTOP-RND6NOP","pid":3536,"level":20,"msg":"Generator: \u001b[35mpage\u001b[39m","time":"2017-03-31T02:21:01.702Z","v":0}
{"name":"hexo","hostname":"DESKTOP-RND6NOP","pid":3536,"level":20,"msg":"Generator: \u001b[35mpost\u001b[39m","time":"2017-03-31T02:21:01.705Z","v":0}
{"name":"hexo","hostname":"DESKTOP-RND6NOP","pid":3536,"level":20,"msg":"Generator: \u001b[35mcategory\u001b[39m","time":"2017-03-31T02:21:01.706Z","v":0}
{"name":"hexo","hostname":"DESKTOP-RND6NOP","pid":3536,"level":20,"msg":"Generator: \u001b[35mindex\u001b[39m","time":"2017-03-31T02:21:01.707Z","v":0}
{"name":"hexo","hostname":"DESKTOP-RND6NOP","pid":3536,"level":20,"msg":"Generator: \u001b[35marchive\u001b[39m","time":"2017-03-31T02:21:01.708Z","v":0}
{"name":"hexo","hostname":"DESKTOP-RND6NOP","pid":3536,"level":20,"msg":"Generator: \u001b[35mtag\u001b[39m","time":"2017-03-31T02:21:01.709Z","v":0}
{"name":"hexo","hostname":"DESKTOP-RND6NOP","pid":3536,"level":20,"msg":"Generator: \u001b[35masset\u001b[39m","time":"2017-03-31T02:21:01.715Z","v":0}
{"name":"hexo","hostname":"DESKTOP-RND6NOP","pid":3536,"level":20,"msg":"Rendering post: \u001b[35m2017/03/29/hexo搭建个人博客/index.html\u001b[39m","time":"2017-03-31T02:21:04.597Z","v":0}
{"name":"hexo","hostname":"DESKTOP-RND6NOP","pid":3536,"level":30,"msg":"Catch you later","time":"2017-03-31T02:30:36.469Z","v":0}
{"name":"hexo","hostname":"DESKTOP-RND6NOP","pid":3536,"level":20,"msg":"Database saved","time":"2017-03-31T02:30:36.575Z","v":0}
